<?xml version="1.0" encoding="UTF-8"?>
<!-- Generated by org.testng.reporters.JUnitReportReporter -->
<testsuite skipped="0" hostname="Macbook-pro.local" name="com.automation.simplilearn.ios.Test2" tests="2" failures="0" timestamp="06 Jun 2017 10:37:40 GMT" time="0.017" errors="0">
  <testcase name="testLogin" time="0.003" classname="com.automation.simplilearn.ios.Test2"/>
  <testcase name="testAnything" time="0.014" classname="com.automation.simplilearn.ios.Test2"/>
</testsuite> <!-- com.automation.simplilearn.ios.Test2 -->
