<?xml version="1.0" encoding="UTF-8"?>
<!-- Generated by org.testng.reporters.JUnitReportReporter -->
<testsuite skipped="0" hostname="Macbook-pro.local" name="com.api.reports.extent.SimpliscreenShot" tests="3" failures="0" timestamp="06 Jun 2017 11:03:02 GMT" time="5.018" errors="0">
  <testcase name="loginToApp" time="0.013" classname="com.api.reports.extent.SimpliscreenShot"/>
  <testcase name="verifyMyCourse" time="5.003" classname="com.api.reports.extent.SimpliscreenShot"/>
  <testcase name="verifyLogout" time="0.002" classname="com.api.reports.extent.SimpliscreenShot"/>
</testsuite> <!-- com.api.reports.extent.SimpliscreenShot -->
