<?xml version="1.0" encoding="UTF-8"?>
<!-- Generated by org.testng.reporters.JUnitReportReporter -->
<testsuite skipped="0" hostname="Jagannath.local" name="com.automation.simplilearn.ios.Test2" tests="2" failures="0" timestamp="26 Jun 2017 12:00:31 GMT" time="0.013" errors="0">
  <testcase name="testLogin" time="0.002" classname="com.automation.simplilearn.ios.Test2"/>
  <testcase name="testAnything" time="0.011" classname="com.automation.simplilearn.ios.Test2"/>
</testsuite> <!-- com.automation.simplilearn.ios.Test2 -->
