<?xml version="1.0" encoding="UTF-8"?>
<!-- Generated by org.testng.reporters.JUnitReportReporter -->
<testsuite skipped="0" hostname="Jagannath.local" name="com.automation.simplilearn.ios.Test2" tests="2" failures="0" timestamp="10 Jun 2017 11:50:29 GMT" time="0.008" errors="0">
  <testcase name="testLogin" time="0.001" classname="com.automation.simplilearn.ios.Test2"/>
  <testcase name="testAnything" time="0.007" classname="com.automation.simplilearn.ios.Test2"/>
</testsuite> <!-- com.automation.simplilearn.ios.Test2 -->
